{"C:\\Users\\JackyFu\\Desktop\\work\\CSE186\\A8\\backend\\src\\app.js": {"path":"C:\\Users\\JackyFu\\Desktop\\work\\CSE186\\A8\\backend\\src\\app.js","all":false,"statementMap":{"0":{"start":{"line":1,"column":0},"end":{"line":1,"column":2}},"1":{"start":{"line":2,"column":0},"end":{"line":2,"column":71}},"2":{"start":{"line":3,"column":0},"end":{"line":3,"column":1}},"3":{"start":{"line":4,"column":0},"end":{"line":4,"column":64}},"4":{"start":{"line":5,"column":0},"end":{"line":5,"column":1}},"5":{"start":{"line":6,"column":0},"end":{"line":6,"column":67}},"6":{"start":{"line":7,"column":0},"end":{"line":7,"column":57}},"7":{"start":{"line":8,"column":0},"end":{"line":8,"column":1}},"8":{"start":{"line":9,"column":0},"end":{"line":9,"column":71}},"9":{"start":{"line":10,"column":0},"end":{"line":10,"column":2}},"10":{"start":{"line":11,"column":0},"end":{"line":11,"column":30}},"11":{"start":{"line":12,"column":0},"end":{"line":12,"column":24}},"12":{"start":{"line":13,"column":0},"end":{"line":13,"column":27}},"13":{"start":{"line":14,"column":0},"end":{"line":14,"column":43}},"14":{"start":{"line":15,"column":0},"end":{"line":15,"column":20}},"15":{"start":{"line":16,"column":0},"end":{"line":16,"column":29}},"16":{"start":{"line":17,"column":0},"end":{"line":17,"column":57}},"17":{"start":{"line":18,"column":0},"end":{"line":18,"column":39}},"18":{"start":{"line":19,"column":0},"end":{"line":19,"column":36}},"20":{"start":{"line":21,"column":0},"end":{"line":21,"column":50}},"21":{"start":{"line":22,"column":0},"end":{"line":22,"column":43}},"23":{"start":{"line":24,"column":0},"end":{"line":24,"column":22}},"24":{"start":{"line":25,"column":0},"end":{"line":25,"column":24}},"25":{"start":{"line":26,"column":0},"end":{"line":26,"column":47}},"27":{"start":{"line":28,"column":0},"end":{"line":28,"column":60}},"29":{"start":{"line":30,"column":0},"end":{"line":30,"column":59}},"30":{"start":{"line":31,"column":0},"end":{"line":31,"column":66}},"32":{"start":{"line":33,"column":0},"end":{"line":33,"column":67}},"33":{"start":{"line":34,"column":0},"end":{"line":34,"column":49}},"35":{"start":{"line":36,"column":0},"end":{"line":36,"column":8}},"36":{"start":{"line":37,"column":0},"end":{"line":37,"column":33}},"37":{"start":{"line":38,"column":0},"end":{"line":38,"column":23}},"38":{"start":{"line":39,"column":0},"end":{"line":39,"column":29}},"39":{"start":{"line":40,"column":0},"end":{"line":40,"column":30}},"40":{"start":{"line":41,"column":0},"end":{"line":41,"column":7}},"41":{"start":{"line":42,"column":0},"end":{"line":42,"column":2}},"43":{"start":{"line":44,"column":0},"end":{"line":44,"column":58}},"44":{"start":{"line":45,"column":0},"end":{"line":45,"column":59}},"45":{"start":{"line":46,"column":0},"end":{"line":46,"column":47}},"46":{"start":{"line":47,"column":0},"end":{"line":47,"column":51}},"47":{"start":{"line":48,"column":0},"end":{"line":48,"column":47}},"48":{"start":{"line":49,"column":0},"end":{"line":49,"column":47}},"49":{"start":{"line":50,"column":0},"end":{"line":50,"column":49}},"50":{"start":{"line":51,"column":0},"end":{"line":51,"column":58}},"52":{"start":{"line":53,"column":0},"end":{"line":53,"column":34}},"53":{"start":{"line":54,"column":0},"end":{"line":54,"column":31}},"54":{"start":{"line":55,"column":0},"end":{"line":55,"column":25}},"55":{"start":{"line":56,"column":0},"end":{"line":56,"column":23}},"56":{"start":{"line":57,"column":0},"end":{"line":57,"column":23}},"57":{"start":{"line":58,"column":0},"end":{"line":58,"column":5}},"58":{"start":{"line":59,"column":0},"end":{"line":59,"column":3}},"60":{"start":{"line":61,"column":0},"end":{"line":61,"column":19}}},"s":{"0":1,"1":1,"2":1,"3":1,"4":1,"5":1,"6":1,"7":1,"8":1,"9":1,"10":1,"11":1,"12":1,"13":1,"14":1,"15":1,"16":1,"17":1,"18":1,"20":1,"21":1,"23":1,"24":1,"25":1,"27":1,"29":1,"30":1,"32":1,"33":1,"35":1,"36":1,"37":1,"38":1,"39":1,"40":1,"41":1,"43":1,"44":1,"45":1,"46":1,"47":1,"48":1,"49":1,"50":1,"52":1,"53":1,"54":1,"55":1,"56":1,"57":1,"58":1,"60":1},"branchMap":{"0":{"type":"branch","line":53,"loc":{"start":{"line":53,"column":8},"end":{"line":59,"column":2}},"locations":[{"start":{"line":53,"column":8},"end":{"line":59,"column":2}}]}},"b":{"0":[1]},"fnMap":{},"f":{}}
,"C:\\Users\\JackyFu\\Desktop\\work\\CSE186\\A8\\backend\\src\\db.js": {"path":"C:\\Users\\JackyFu\\Desktop\\work\\CSE186\\A8\\backend\\src\\db.js","all":false,"statementMap":{"0":{"start":{"line":1,"column":0},"end":{"line":1,"column":20}},"1":{"start":{"line":2,"column":0},"end":{"line":2,"column":31}},"3":{"start":{"line":4,"column":0},"end":{"line":4,"column":26}},"4":{"start":{"line":5,"column":0},"end":{"line":5,"column":20}},"5":{"start":{"line":6,"column":0},"end":{"line":6,"column":13}},"6":{"start":{"line":7,"column":0},"end":{"line":7,"column":36}},"7":{"start":{"line":8,"column":0},"end":{"line":8,"column":34}},"8":{"start":{"line":9,"column":0},"end":{"line":9,"column":42}},"9":{"start":{"line":10,"column":0},"end":{"line":10,"column":3}},"11":{"start":{"line":12,"column":0},"end":{"line":12,"column":38}},"13":{"start":{"line":14,"column":0},"end":{"line":14,"column":3}},"14":{"start":{"line":15,"column":0},"end":{"line":15,"column":2}},"15":{"start":{"line":16,"column":0},"end":{"line":16,"column":2}},"16":{"start":{"line":17,"column":0},"end":{"line":17,"column":30}},"17":{"start":{"line":18,"column":0},"end":{"line":18,"column":36}},"18":{"start":{"line":19,"column":0},"end":{"line":19,"column":34}},"19":{"start":{"line":20,"column":0},"end":{"line":20,"column":3}},"20":{"start":{"line":21,"column":0},"end":{"line":21,"column":51}},"21":{"start":{"line":22,"column":0},"end":{"line":22,"column":12}},"22":{"start":{"line":23,"column":0},"end":{"line":23,"column":18}},"24":{"start":{"line":25,"column":0},"end":{"line":25,"column":40}},"25":{"start":{"line":26,"column":0},"end":{"line":26,"column":21}},"26":{"start":{"line":27,"column":0},"end":{"line":27,"column":3}},"28":{"start":{"line":29,"column":0},"end":{"line":29,"column":28}},"29":{"start":{"line":30,"column":0},"end":{"line":30,"column":21}},"30":{"start":{"line":31,"column":0},"end":{"line":31,"column":10}},"31":{"start":{"line":32,"column":0},"end":{"line":32,"column":13}},"32":{"start":{"line":33,"column":0},"end":{"line":33,"column":32}},"33":{"start":{"line":34,"column":0},"end":{"line":34,"column":20}},"34":{"start":{"line":35,"column":0},"end":{"line":35,"column":34}},"35":{"start":{"line":36,"column":0},"end":{"line":36,"column":31}},"36":{"start":{"line":37,"column":0},"end":{"line":37,"column":46}},"37":{"start":{"line":38,"column":0},"end":{"line":38,"column":11}},"38":{"start":{"line":39,"column":0},"end":{"line":39,"column":19}},"39":{"start":{"line":40,"column":0},"end":{"line":40,"column":33}},"40":{"start":{"line":41,"column":0},"end":{"line":41,"column":56}},"41":{"start":{"line":42,"column":0},"end":{"line":42,"column":8}},"42":{"start":{"line":43,"column":0},"end":{"line":43,"column":31}},"43":{"start":{"line":44,"column":0},"end":{"line":44,"column":3}},"45":{"start":{"line":46,"column":0},"end":{"line":46,"column":49}},"47":{"start":{"line":48,"column":0},"end":{"line":48,"column":35}},"48":{"start":{"line":49,"column":0},"end":{"line":49,"column":21}},"49":{"start":{"line":50,"column":0},"end":{"line":50,"column":3}},"51":{"start":{"line":52,"column":0},"end":{"line":52,"column":41}},"53":{"start":{"line":54,"column":0},"end":{"line":54,"column":38}},"54":{"start":{"line":55,"column":0},"end":{"line":55,"column":39}},"55":{"start":{"line":56,"column":0},"end":{"line":56,"column":69}},"58":{"start":{"line":59,"column":0},"end":{"line":59,"column":58}},"59":{"start":{"line":60,"column":0},"end":{"line":60,"column":51}},"60":{"start":{"line":61,"column":0},"end":{"line":61,"column":1}},"62":{"start":{"line":63,"column":0},"end":{"line":63,"column":3}},"63":{"start":{"line":64,"column":0},"end":{"line":64,"column":2}},"64":{"start":{"line":65,"column":0},"end":{"line":65,"column":32}},"65":{"start":{"line":66,"column":0},"end":{"line":66,"column":25}},"66":{"start":{"line":67,"column":0},"end":{"line":67,"column":3}},"67":{"start":{"line":68,"column":0},"end":{"line":68,"column":47}},"68":{"start":{"line":69,"column":0},"end":{"line":69,"column":17}},"69":{"start":{"line":70,"column":0},"end":{"line":70,"column":40}},"70":{"start":{"line":71,"column":0},"end":{"line":71,"column":21}},"71":{"start":{"line":72,"column":0},"end":{"line":72,"column":55}},"72":{"start":{"line":73,"column":0},"end":{"line":73,"column":27}},"73":{"start":{"line":74,"column":0},"end":{"line":74,"column":4}},"74":{"start":{"line":75,"column":0},"end":{"line":75,"column":51}},"76":{"start":{"line":77,"column":0},"end":{"line":77,"column":35}},"77":{"start":{"line":78,"column":0},"end":{"line":78,"column":14}},"78":{"start":{"line":79,"column":0},"end":{"line":79,"column":3}},"79":{"start":{"line":80,"column":0},"end":{"line":80,"column":14}},"80":{"start":{"line":81,"column":0},"end":{"line":81,"column":1}},"82":{"start":{"line":83,"column":0},"end":{"line":83,"column":3}},"83":{"start":{"line":84,"column":0},"end":{"line":84,"column":2}},"84":{"start":{"line":85,"column":0},"end":{"line":85,"column":16}},"85":{"start":{"line":86,"column":0},"end":{"line":86,"column":21}},"86":{"start":{"line":87,"column":0},"end":{"line":87,"column":3}},"87":{"start":{"line":88,"column":0},"end":{"line":88,"column":58}},"88":{"start":{"line":89,"column":0},"end":{"line":89,"column":17}},"89":{"start":{"line":90,"column":0},"end":{"line":90,"column":40}},"90":{"start":{"line":91,"column":0},"end":{"line":91,"column":19}},"91":{"start":{"line":92,"column":0},"end":{"line":92,"column":65}},"92":{"start":{"line":93,"column":0},"end":{"line":93,"column":51}},"93":{"start":{"line":94,"column":0},"end":{"line":94,"column":4}},"94":{"start":{"line":95,"column":0},"end":{"line":95,"column":64}},"96":{"start":{"line":97,"column":0},"end":{"line":97,"column":14}},"97":{"start":{"line":98,"column":0},"end":{"line":98,"column":1}},"99":{"start":{"line":100,"column":0},"end":{"line":100,"column":3}},"100":{"start":{"line":101,"column":0},"end":{"line":101,"column":2}},"101":{"start":{"line":102,"column":0},"end":{"line":102,"column":20}},"102":{"start":{"line":103,"column":0},"end":{"line":103,"column":19}},"103":{"start":{"line":104,"column":0},"end":{"line":104,"column":3}},"104":{"start":{"line":105,"column":0},"end":{"line":105,"column":48}},"105":{"start":{"line":106,"column":0},"end":{"line":106,"column":17}},"106":{"start":{"line":107,"column":0},"end":{"line":107,"column":19}},"107":{"start":{"line":108,"column":0},"end":{"line":108,"column":17}},"108":{"start":{"line":109,"column":0},"end":{"line":109,"column":25}},"109":{"start":{"line":110,"column":0},"end":{"line":110,"column":51}},"110":{"start":{"line":111,"column":0},"end":{"line":111,"column":4}},"112":{"start":{"line":113,"column":0},"end":{"line":113,"column":54}},"114":{"start":{"line":115,"column":0},"end":{"line":115,"column":20}},"115":{"start":{"line":116,"column":0},"end":{"line":116,"column":56}},"116":{"start":{"line":117,"column":0},"end":{"line":117,"column":1}},"118":{"start":{"line":119,"column":0},"end":{"line":119,"column":3}},"119":{"start":{"line":120,"column":0},"end":{"line":120,"column":2}},"120":{"start":{"line":121,"column":0},"end":{"line":121,"column":16}},"121":{"start":{"line":122,"column":0},"end":{"line":122,"column":19}},"122":{"start":{"line":123,"column":0},"end":{"line":123,"column":3}},"123":{"start":{"line":124,"column":0},"end":{"line":124,"column":65}},"124":{"start":{"line":125,"column":0},"end":{"line":125,"column":17}},"125":{"start":{"line":126,"column":0},"end":{"line":126,"column":38}},"126":{"start":{"line":127,"column":0},"end":{"line":127,"column":55}},"127":{"start":{"line":128,"column":0},"end":{"line":128,"column":41}},"128":{"start":{"line":129,"column":0},"end":{"line":129,"column":4}},"129":{"start":{"line":130,"column":0},"end":{"line":130,"column":66}},"131":{"start":{"line":132,"column":0},"end":{"line":132,"column":22}},"132":{"start":{"line":133,"column":0},"end":{"line":133,"column":1}},"134":{"start":{"line":135,"column":0},"end":{"line":135,"column":3}},"135":{"start":{"line":136,"column":0},"end":{"line":136,"column":2}},"136":{"start":{"line":137,"column":0},"end":{"line":137,"column":20}},"137":{"start":{"line":138,"column":0},"end":{"line":138,"column":19}},"138":{"start":{"line":139,"column":0},"end":{"line":139,"column":21}},"139":{"start":{"line":140,"column":0},"end":{"line":140,"column":3}},"140":{"start":{"line":141,"column":0},"end":{"line":141,"column":65}},"141":{"start":{"line":142,"column":0},"end":{"line":142,"column":17}},"142":{"start":{"line":143,"column":0},"end":{"line":143,"column":43}},"143":{"start":{"line":144,"column":0},"end":{"line":144,"column":26}},"144":{"start":{"line":145,"column":0},"end":{"line":145,"column":17}},"145":{"start":{"line":146,"column":0},"end":{"line":146,"column":4}},"147":{"start":{"line":148,"column":0},"end":{"line":148,"column":42}},"148":{"start":{"line":149,"column":0},"end":{"line":149,"column":43}},"149":{"start":{"line":150,"column":0},"end":{"line":150,"column":5}},"151":{"start":{"line":152,"column":0},"end":{"line":152,"column":20}},"152":{"start":{"line":153,"column":0},"end":{"line":153,"column":1}},"154":{"start":{"line":155,"column":0},"end":{"line":155,"column":3}},"155":{"start":{"line":156,"column":0},"end":{"line":156,"column":25}},"156":{"start":{"line":157,"column":0},"end":{"line":157,"column":27}},"157":{"start":{"line":158,"column":0},"end":{"line":158,"column":3}},"158":{"start":{"line":159,"column":0},"end":{"line":159,"column":60}},"159":{"start":{"line":160,"column":0},"end":{"line":160,"column":55}},"161":{"start":{"line":162,"column":0},"end":{"line":162,"column":17}},"162":{"start":{"line":163,"column":0},"end":{"line":163,"column":17}},"163":{"start":{"line":164,"column":0},"end":{"line":164,"column":25}},"164":{"start":{"line":165,"column":0},"end":{"line":165,"column":11}},"165":{"start":{"line":166,"column":0},"end":{"line":166,"column":23}},"166":{"start":{"line":167,"column":0},"end":{"line":167,"column":25}},"167":{"start":{"line":168,"column":0},"end":{"line":168,"column":42}},"168":{"start":{"line":169,"column":0},"end":{"line":169,"column":40}},"169":{"start":{"line":170,"column":0},"end":{"line":170,"column":39}},"170":{"start":{"line":171,"column":0},"end":{"line":171,"column":8}},"171":{"start":{"line":172,"column":0},"end":{"line":172,"column":10}},"172":{"start":{"line":173,"column":0},"end":{"line":173,"column":5}},"173":{"start":{"line":174,"column":0},"end":{"line":174,"column":17}},"174":{"start":{"line":175,"column":0},"end":{"line":175,"column":32}},"175":{"start":{"line":176,"column":0},"end":{"line":176,"column":60}},"176":{"start":{"line":177,"column":0},"end":{"line":177,"column":56}},"177":{"start":{"line":178,"column":0},"end":{"line":178,"column":55}},"178":{"start":{"line":179,"column":0},"end":{"line":179,"column":17}},"179":{"start":{"line":180,"column":0},"end":{"line":180,"column":4}},"181":{"start":{"line":182,"column":0},"end":{"line":182,"column":27}},"182":{"start":{"line":183,"column":0},"end":{"line":183,"column":65}},"184":{"start":{"line":185,"column":0},"end":{"line":185,"column":66}},"185":{"start":{"line":186,"column":0},"end":{"line":186,"column":1}},"187":{"start":{"line":188,"column":0},"end":{"line":188,"column":3}},"188":{"start":{"line":189,"column":0},"end":{"line":189,"column":44}},"189":{"start":{"line":190,"column":0},"end":{"line":190,"column":71}},"190":{"start":{"line":191,"column":0},"end":{"line":191,"column":3}},"191":{"start":{"line":192,"column":0},"end":{"line":192,"column":47}},"192":{"start":{"line":193,"column":0},"end":{"line":193,"column":17}},"193":{"start":{"line":194,"column":0},"end":{"line":194,"column":42}},"194":{"start":{"line":195,"column":0},"end":{"line":195,"column":15}},"195":{"start":{"line":196,"column":0},"end":{"line":196,"column":17}},"196":{"start":{"line":197,"column":0},"end":{"line":197,"column":4}},"197":{"start":{"line":198,"column":0},"end":{"line":198,"column":51}},"199":{"start":{"line":200,"column":0},"end":{"line":200,"column":25}},"200":{"start":{"line":201,"column":0},"end":{"line":201,"column":1}}},"s":{"0":1,"1":1,"3":1,"4":1,"5":1,"6":1,"7":1,"8":1,"9":1,"11":1,"13":1,"14":1,"15":1,"16":1,"17":1,"18":1,"19":1,"20":1,"21":22,"22":22,"24":22,"25":1,"26":1,"28":22,"29":2,"30":22,"31":19,"32":19,"33":19,"34":19,"35":19,"36":19,"37":19,"38":19,"39":19,"40":19,"41":19,"42":19,"43":19,"45":19,"47":22,"48":1,"49":1,"51":18,"53":18,"54":18,"55":18,"58":18,"59":18,"60":18,"62":1,"63":1,"64":1,"65":1,"66":1,"67":1,"68":5,"69":5,"70":5,"71":5,"72":5,"73":5,"74":5,"76":5,"77":1,"78":1,"79":4,"80":4,"82":1,"83":1,"84":1,"85":1,"86":1,"87":1,"88":2,"89":2,"90":2,"91":2,"92":2,"93":2,"94":2,"96":2,"97":2,"99":1,"100":1,"101":1,"102":1,"103":1,"104":1,"105":2,"106":2,"107":2,"108":2,"109":2,"110":2,"112":2,"114":2,"115":2,"116":2,"118":1,"119":1,"120":1,"121":1,"122":1,"123":1,"124":6,"125":6,"126":6,"127":6,"128":6,"129":6,"131":6,"132":6,"134":1,"135":1,"136":1,"137":1,"138":1,"139":1,"140":1,"141":1,"142":1,"143":1,"144":1,"145":1,"147":1,"148":1,"149":1,"151":1,"152":1,"154":1,"155":1,"156":1,"157":1,"158":1,"159":1,"161":1,"162":1,"163":1,"164":1,"165":1,"166":1,"167":1,"168":1,"169":1,"170":1,"171":1,"172":1,"173":1,"174":1,"175":1,"176":1,"177":1,"178":1,"179":1,"181":1,"182":1,"184":1,"185":1,"187":1,"188":1,"189":1,"190":1,"191":1,"192":1,"193":1,"194":1,"195":1,"196":1,"197":1,"199":1,"200":1},"branchMap":{"0":{"type":"branch","line":21,"loc":{"start":{"line":21,"column":7},"end":{"line":61,"column":1}},"locations":[{"start":{"line":21,"column":7},"end":{"line":61,"column":1}}]},"1":{"type":"branch","line":25,"loc":{"start":{"line":25,"column":19},"end":{"line":25,"column":37}},"locations":[{"start":{"line":25,"column":19},"end":{"line":25,"column":37}}]},"2":{"type":"branch","line":25,"loc":{"start":{"line":25,"column":39},"end":{"line":27,"column":3}},"locations":[{"start":{"line":25,"column":39},"end":{"line":27,"column":3}}]},"3":{"type":"branch","line":27,"loc":{"start":{"line":27,"column":2},"end":{"line":29,"column":13}},"locations":[{"start":{"line":27,"column":2},"end":{"line":29,"column":13}}]},"4":{"type":"branch","line":29,"loc":{"start":{"line":29,"column":13},"end":{"line":29,"column":25}},"locations":[{"start":{"line":29,"column":13},"end":{"line":29,"column":25}}]},"5":{"type":"branch","line":29,"loc":{"start":{"line":29,"column":27},"end":{"line":31,"column":3}},"locations":[{"start":{"line":29,"column":27},"end":{"line":31,"column":3}}]},"6":{"type":"branch","line":31,"loc":{"start":{"line":31,"column":3},"end":{"line":48,"column":24}},"locations":[{"start":{"line":31,"column":3},"end":{"line":48,"column":24}}]},"7":{"type":"branch","line":48,"loc":{"start":{"line":48,"column":24},"end":{"line":48,"column":32}},"locations":[{"start":{"line":48,"column":24},"end":{"line":48,"column":32}}]},"8":{"type":"branch","line":48,"loc":{"start":{"line":48,"column":34},"end":{"line":50,"column":3}},"locations":[{"start":{"line":48,"column":34},"end":{"line":50,"column":3}}]},"9":{"type":"branch","line":50,"loc":{"start":{"line":50,"column":2},"end":{"line":61,"column":1}},"locations":[{"start":{"line":50,"column":2},"end":{"line":61,"column":1}}]},"10":{"type":"branch","line":68,"loc":{"start":{"line":68,"column":7},"end":{"line":81,"column":1}},"locations":[{"start":{"line":68,"column":7},"end":{"line":81,"column":1}}]},"11":{"type":"branch","line":77,"loc":{"start":{"line":77,"column":24},"end":{"line":77,"column":32}},"locations":[{"start":{"line":77,"column":24},"end":{"line":77,"column":32}}]},"12":{"type":"branch","line":77,"loc":{"start":{"line":77,"column":34},"end":{"line":79,"column":3}},"locations":[{"start":{"line":77,"column":34},"end":{"line":79,"column":3}}]},"13":{"type":"branch","line":79,"loc":{"start":{"line":79,"column":2},"end":{"line":81,"column":1}},"locations":[{"start":{"line":79,"column":2},"end":{"line":81,"column":1}}]},"14":{"type":"branch","line":88,"loc":{"start":{"line":88,"column":7},"end":{"line":98,"column":1}},"locations":[{"start":{"line":88,"column":7},"end":{"line":98,"column":1}}]},"15":{"type":"branch","line":105,"loc":{"start":{"line":105,"column":7},"end":{"line":117,"column":1}},"locations":[{"start":{"line":105,"column":7},"end":{"line":117,"column":1}}]},"16":{"type":"branch","line":116,"loc":{"start":{"line":116,"column":18},"end":{"line":116,"column":54}},"locations":[{"start":{"line":116,"column":18},"end":{"line":116,"column":54}}]},"17":{"type":"branch","line":124,"loc":{"start":{"line":124,"column":7},"end":{"line":133,"column":1}},"locations":[{"start":{"line":124,"column":7},"end":{"line":133,"column":1}}]},"18":{"type":"branch","line":141,"loc":{"start":{"line":141,"column":7},"end":{"line":153,"column":1}},"locations":[{"start":{"line":141,"column":7},"end":{"line":153,"column":1}}]},"19":{"type":"branch","line":159,"loc":{"start":{"line":159,"column":7},"end":{"line":186,"column":1}},"locations":[{"start":{"line":159,"column":7},"end":{"line":186,"column":1}}]},"20":{"type":"branch","line":192,"loc":{"start":{"line":192,"column":7},"end":{"line":201,"column":1}},"locations":[{"start":{"line":192,"column":7},"end":{"line":201,"column":1}}]}},"b":{"0":[22],"1":[21],"2":[1],"3":[21],"4":[19],"5":[2],"6":[19],"7":[18],"8":[1],"9":[18],"10":[5],"11":[4],"12":[1],"13":[4],"14":[2],"15":[2],"16":[1],"17":[6],"18":[1],"19":[1],"20":[1]},"fnMap":{"0":{"name":"loginInfor","decl":{"start":{"line":21,"column":7},"end":{"line":61,"column":1}},"loc":{"start":{"line":21,"column":7},"end":{"line":61,"column":1}},"line":21},"1":{"name":"workspacesInfor","decl":{"start":{"line":68,"column":7},"end":{"line":81,"column":1}},"loc":{"start":{"line":68,"column":7},"end":{"line":81,"column":1}},"line":68},"2":{"name":"channelsInfor","decl":{"start":{"line":88,"column":7},"end":{"line":98,"column":1}},"loc":{"start":{"line":88,"column":7},"end":{"line":98,"column":1}},"line":88},"3":{"name":"messagesInfor","decl":{"start":{"line":105,"column":7},"end":{"line":117,"column":1}},"loc":{"start":{"line":105,"column":7},"end":{"line":117,"column":1}},"line":105},"4":{"name":"userHasAccessToChannel","decl":{"start":{"line":124,"column":7},"end":{"line":133,"column":1}},"loc":{"start":{"line":124,"column":7},"end":{"line":133,"column":1}},"line":124},"5":{"name":"postMessagesInfor","decl":{"start":{"line":141,"column":7},"end":{"line":153,"column":1}},"loc":{"start":{"line":141,"column":7},"end":{"line":153,"column":1}},"line":141},"6":{"name":"updateLastLocation","decl":{"start":{"line":159,"column":7},"end":{"line":186,"column":1}},"loc":{"start":{"line":159,"column":7},"end":{"line":186,"column":1}},"line":159},"7":{"name":"getLastLocation","decl":{"start":{"line":192,"column":7},"end":{"line":201,"column":1}},"loc":{"start":{"line":192,"column":7},"end":{"line":201,"column":1}},"line":192}},"f":{"0":22,"1":5,"2":2,"3":2,"4":6,"5":1,"6":1,"7":1}}
,"C:\\Users\\JackyFu\\Desktop\\work\\CSE186\\A8\\backend\\src\\login.js": {"path":"C:\\Users\\JackyFu\\Desktop\\work\\CSE186\\A8\\backend\\src\\login.js","all":false,"statementMap":{"0":{"start":{"line":1,"column":0},"end":{"line":1,"column":30}},"1":{"start":{"line":2,"column":0},"end":{"line":2,"column":31}},"3":{"start":{"line":4,"column":0},"end":{"line":4,"column":38}},"5":{"start":{"line":6,"column":0},"end":{"line":6,"column":3}},"6":{"start":{"line":7,"column":0},"end":{"line":7,"column":2}},"7":{"start":{"line":8,"column":0},"end":{"line":8,"column":30}},"8":{"start":{"line":9,"column":0},"end":{"line":9,"column":31}},"9":{"start":{"line":10,"column":0},"end":{"line":10,"column":34}},"10":{"start":{"line":11,"column":0},"end":{"line":11,"column":3}},"11":{"start":{"line":12,"column":0},"end":{"line":12,"column":48}},"12":{"start":{"line":13,"column":0},"end":{"line":13,"column":78}},"13":{"start":{"line":14,"column":0},"end":{"line":14,"column":19}},"14":{"start":{"line":15,"column":0},"end":{"line":15,"column":44}},"15":{"start":{"line":16,"column":0},"end":{"line":16,"column":10}},"16":{"start":{"line":17,"column":0},"end":{"line":17,"column":62}},"17":{"start":{"line":18,"column":0},"end":{"line":18,"column":9}},"18":{"start":{"line":19,"column":0},"end":{"line":19,"column":49}},"19":{"start":{"line":20,"column":0},"end":{"line":20,"column":56}},"20":{"start":{"line":21,"column":0},"end":{"line":21,"column":28}},"21":{"start":{"line":22,"column":0},"end":{"line":22,"column":52}},"22":{"start":{"line":23,"column":0},"end":{"line":23,"column":53}},"23":{"start":{"line":24,"column":0},"end":{"line":24,"column":13}},"24":{"start":{"line":25,"column":0},"end":{"line":25,"column":78}},"25":{"start":{"line":26,"column":0},"end":{"line":26,"column":5}},"26":{"start":{"line":27,"column":0},"end":{"line":27,"column":3}},"27":{"start":{"line":28,"column":0},"end":{"line":28,"column":1}},"29":{"start":{"line":30,"column":0},"end":{"line":30,"column":3}},"30":{"start":{"line":31,"column":0},"end":{"line":31,"column":2}},"31":{"start":{"line":32,"column":0},"end":{"line":32,"column":30}},"32":{"start":{"line":33,"column":0},"end":{"line":33,"column":31}},"33":{"start":{"line":34,"column":0},"end":{"line":34,"column":34}},"34":{"start":{"line":35,"column":0},"end":{"line":35,"column":3}},"35":{"start":{"line":36,"column":0},"end":{"line":36,"column":47}},"36":{"start":{"line":37,"column":0},"end":{"line":37,"column":60}},"38":{"start":{"line":39,"column":0},"end":{"line":39,"column":15}},"39":{"start":{"line":40,"column":0},"end":{"line":40,"column":57}},"40":{"start":{"line":41,"column":0},"end":{"line":41,"column":3}},"42":{"start":{"line":43,"column":0},"end":{"line":43,"column":48}},"43":{"start":{"line":44,"column":0},"end":{"line":44,"column":23}},"44":{"start":{"line":45,"column":0},"end":{"line":45,"column":28}},"46":{"start":{"line":47,"column":0},"end":{"line":47,"column":54}},"48":{"start":{"line":49,"column":0},"end":{"line":49,"column":26}},"50":{"start":{"line":51,"column":0},"end":{"line":51,"column":47}},"51":{"start":{"line":52,"column":0},"end":{"line":52,"column":64}},"52":{"start":{"line":53,"column":0},"end":{"line":53,"column":3}},"54":{"start":{"line":55,"column":0},"end":{"line":55,"column":42}},"55":{"start":{"line":56,"column":0},"end":{"line":56,"column":1}},"57":{"start":{"line":58,"column":0},"end":{"line":58,"column":3}},"58":{"start":{"line":59,"column":0},"end":{"line":59,"column":2}},"59":{"start":{"line":60,"column":0},"end":{"line":60,"column":13}},"60":{"start":{"line":61,"column":0},"end":{"line":61,"column":13}},"61":{"start":{"line":62,"column":0},"end":{"line":62,"column":3}},"62":{"start":{"line":63,"column":0},"end":{"line":63,"column":45}},"63":{"start":{"line":64,"column":0},"end":{"line":64,"column":60}},"65":{"start":{"line":66,"column":0},"end":{"line":66,"column":15}},"66":{"start":{"line":67,"column":0},"end":{"line":67,"column":57}},"67":{"start":{"line":68,"column":0},"end":{"line":68,"column":3}},"69":{"start":{"line":70,"column":0},"end":{"line":70,"column":48}},"70":{"start":{"line":71,"column":0},"end":{"line":71,"column":28}},"71":{"start":{"line":72,"column":0},"end":{"line":72,"column":33}},"73":{"start":{"line":74,"column":0},"end":{"line":74,"column":20}},"74":{"start":{"line":75,"column":0},"end":{"line":75,"column":65}},"75":{"start":{"line":76,"column":0},"end":{"line":76,"column":3}},"77":{"start":{"line":78,"column":0},"end":{"line":78,"column":62}},"79":{"start":{"line":80,"column":0},"end":{"line":80,"column":43}},"80":{"start":{"line":81,"column":0},"end":{"line":81,"column":62}},"81":{"start":{"line":82,"column":0},"end":{"line":82,"column":3}},"83":{"start":{"line":84,"column":0},"end":{"line":84,"column":40}},"84":{"start":{"line":85,"column":0},"end":{"line":85,"column":1}},"86":{"start":{"line":87,"column":0},"end":{"line":87,"column":3}},"87":{"start":{"line":88,"column":0},"end":{"line":88,"column":2}},"88":{"start":{"line":89,"column":0},"end":{"line":89,"column":13}},"89":{"start":{"line":90,"column":0},"end":{"line":90,"column":13}},"90":{"start":{"line":91,"column":0},"end":{"line":91,"column":3}},"91":{"start":{"line":92,"column":0},"end":{"line":92,"column":45}},"92":{"start":{"line":93,"column":0},"end":{"line":93,"column":60}},"93":{"start":{"line":94,"column":0},"end":{"line":94,"column":67}},"95":{"start":{"line":96,"column":0},"end":{"line":96,"column":48}},"96":{"start":{"line":97,"column":0},"end":{"line":97,"column":28}},"98":{"start":{"line":99,"column":0},"end":{"line":99,"column":32}},"99":{"start":{"line":100,"column":0},"end":{"line":100,"column":39}},"100":{"start":{"line":101,"column":0},"end":{"line":101,"column":26}},"101":{"start":{"line":102,"column":0},"end":{"line":102,"column":49}},"102":{"start":{"line":103,"column":0},"end":{"line":103,"column":3}},"104":{"start":{"line":105,"column":0},"end":{"line":105,"column":64}},"105":{"start":{"line":106,"column":0},"end":{"line":106,"column":71}},"106":{"start":{"line":107,"column":0},"end":{"line":107,"column":19}},"107":{"start":{"line":108,"column":0},"end":{"line":108,"column":26}},"108":{"start":{"line":109,"column":0},"end":{"line":109,"column":76}},"109":{"start":{"line":110,"column":0},"end":{"line":110,"column":3}},"111":{"start":{"line":112,"column":0},"end":{"line":112,"column":23}},"112":{"start":{"line":113,"column":0},"end":{"line":113,"column":53}},"113":{"start":{"line":114,"column":0},"end":{"line":114,"column":43}},"114":{"start":{"line":115,"column":0},"end":{"line":115,"column":62}},"115":{"start":{"line":116,"column":0},"end":{"line":116,"column":3}},"117":{"start":{"line":118,"column":0},"end":{"line":118,"column":33}},"118":{"start":{"line":119,"column":0},"end":{"line":119,"column":1}},"120":{"start":{"line":121,"column":0},"end":{"line":121,"column":3}},"121":{"start":{"line":122,"column":0},"end":{"line":122,"column":2}},"122":{"start":{"line":123,"column":0},"end":{"line":123,"column":13}},"123":{"start":{"line":124,"column":0},"end":{"line":124,"column":13}},"124":{"start":{"line":125,"column":0},"end":{"line":125,"column":3}},"125":{"start":{"line":126,"column":0},"end":{"line":126,"column":46}},"126":{"start":{"line":127,"column":0},"end":{"line":127,"column":60}},"127":{"start":{"line":128,"column":0},"end":{"line":128,"column":67}},"129":{"start":{"line":130,"column":0},"end":{"line":130,"column":48}},"130":{"start":{"line":131,"column":0},"end":{"line":131,"column":34}},"132":{"start":{"line":133,"column":0},"end":{"line":133,"column":41}},"134":{"start":{"line":135,"column":0},"end":{"line":135,"column":37}},"135":{"start":{"line":136,"column":0},"end":{"line":136,"column":28}},"136":{"start":{"line":137,"column":0},"end":{"line":137,"column":77}},"137":{"start":{"line":138,"column":0},"end":{"line":138,"column":3}},"139":{"start":{"line":140,"column":0},"end":{"line":140,"column":75}},"140":{"start":{"line":141,"column":0},"end":{"line":141,"column":19}},"141":{"start":{"line":142,"column":0},"end":{"line":142,"column":26}},"142":{"start":{"line":143,"column":0},"end":{"line":143,"column":76}},"143":{"start":{"line":144,"column":0},"end":{"line":144,"column":3}},"145":{"start":{"line":146,"column":0},"end":{"line":146,"column":23}},"146":{"start":{"line":147,"column":0},"end":{"line":147,"column":15}},"147":{"start":{"line":148,"column":0},"end":{"line":148,"column":25}},"148":{"start":{"line":149,"column":0},"end":{"line":149,"column":40}},"149":{"start":{"line":150,"column":0},"end":{"line":150,"column":25}},"150":{"start":{"line":151,"column":0},"end":{"line":151,"column":15}},"151":{"start":{"line":152,"column":0},"end":{"line":152,"column":4}},"153":{"start":{"line":154,"column":0},"end":{"line":154,"column":71}},"155":{"start":{"line":156,"column":0},"end":{"line":156,"column":17}},"156":{"start":{"line":157,"column":0},"end":{"line":157,"column":70}},"157":{"start":{"line":158,"column":0},"end":{"line":158,"column":1}},"159":{"start":{"line":160,"column":0},"end":{"line":160,"column":3}},"160":{"start":{"line":161,"column":0},"end":{"line":161,"column":29}},"161":{"start":{"line":162,"column":0},"end":{"line":162,"column":40}},"162":{"start":{"line":163,"column":0},"end":{"line":163,"column":13}},"163":{"start":{"line":164,"column":0},"end":{"line":164,"column":13}},"164":{"start":{"line":165,"column":0},"end":{"line":165,"column":3}},"165":{"start":{"line":166,"column":0},"end":{"line":166,"column":52}},"166":{"start":{"line":167,"column":0},"end":{"line":167,"column":60}},"167":{"start":{"line":168,"column":0},"end":{"line":168,"column":67}},"169":{"start":{"line":170,"column":0},"end":{"line":170,"column":14}},"170":{"start":{"line":171,"column":0},"end":{"line":171,"column":7}},"171":{"start":{"line":172,"column":0},"end":{"line":172,"column":44}},"172":{"start":{"line":173,"column":0},"end":{"line":173,"column":11}},"173":{"start":{"line":174,"column":0},"end":{"line":174,"column":58}},"174":{"start":{"line":175,"column":0},"end":{"line":175,"column":3}},"176":{"start":{"line":177,"column":0},"end":{"line":177,"column":28}},"177":{"start":{"line":178,"column":0},"end":{"line":178,"column":55}},"179":{"start":{"line":180,"column":0},"end":{"line":180,"column":18}},"180":{"start":{"line":181,"column":0},"end":{"line":181,"column":26}},"181":{"start":{"line":182,"column":0},"end":{"line":182,"column":71}},"183":{"start":{"line":184,"column":0},"end":{"line":184,"column":55}},"184":{"start":{"line":185,"column":0},"end":{"line":185,"column":1}}},"s":{"0":1,"1":1,"3":1,"5":1,"6":1,"7":1,"8":1,"9":1,"10":1,"11":1,"12":22,"13":22,"14":18,"15":22,"16":4,"17":4,"18":4,"19":4,"20":1,"21":1,"22":1,"23":4,"24":3,"25":3,"26":4,"27":22,"29":1,"30":1,"31":1,"32":1,"33":1,"34":1,"35":1,"36":6,"38":6,"39":1,"40":1,"42":5,"43":5,"44":5,"46":5,"48":5,"50":6,"51":1,"52":1,"54":4,"55":4,"57":1,"58":1,"59":1,"60":1,"61":1,"62":1,"63":4,"65":4,"66":1,"67":1,"69":3,"70":3,"71":3,"73":4,"74":1,"75":1,"77":2,"79":4,"80":1,"81":1,"83":1,"84":1,"86":1,"87":1,"88":1,"89":1,"90":1,"91":1,"92":6,"93":6,"95":5,"96":5,"98":5,"99":6,"100":2,"101":2,"102":2,"104":3,"105":3,"106":6,"107":1,"108":1,"109":1,"111":2,"112":2,"113":6,"114":1,"115":1,"117":1,"118":1,"120":1,"121":1,"122":1,"123":1,"124":1,"125":1,"126":5,"127":5,"129":4,"130":4,"132":4,"134":4,"135":5,"136":1,"137":1,"139":3,"140":5,"141":2,"142":2,"143":2,"145":1,"146":1,"147":1,"148":1,"149":1,"150":1,"151":1,"153":1,"155":1,"156":1,"157":1,"159":1,"160":1,"161":1,"162":1,"163":1,"164":1,"165":1,"166":3,"167":3,"169":2,"170":2,"171":2,"172":3,"173":1,"174":1,"176":1,"177":1,"179":1,"180":1,"181":1,"183":1,"184":1},"branchMap":{"0":{"type":"branch","line":12,"loc":{"start":{"line":12,"column":7},"end":{"line":28,"column":1}},"locations":[{"start":{"line":12,"column":7},"end":{"line":28,"column":1}}]},"1":{"type":"branch","line":14,"loc":{"start":{"line":14,"column":18},"end":{"line":16,"column":3}},"locations":[{"start":{"line":14,"column":18},"end":{"line":16,"column":3}}]},"2":{"type":"branch","line":16,"loc":{"start":{"line":16,"column":3},"end":{"line":27,"column":3}},"locations":[{"start":{"line":16,"column":3},"end":{"line":27,"column":3}}]},"3":{"type":"branch","line":20,"loc":{"start":{"line":20,"column":55},"end":{"line":24,"column":6}},"locations":[{"start":{"line":20,"column":55},"end":{"line":24,"column":6}}]},"4":{"type":"branch","line":24,"loc":{"start":{"line":24,"column":6},"end":{"line":26,"column":5}},"locations":[{"start":{"line":24,"column":6},"end":{"line":26,"column":5}}]},"5":{"type":"branch","line":36,"loc":{"start":{"line":36,"column":7},"end":{"line":56,"column":1}},"locations":[{"start":{"line":36,"column":7},"end":{"line":56,"column":1}}]},"6":{"type":"branch","line":39,"loc":{"start":{"line":39,"column":14},"end":{"line":41,"column":3}},"locations":[{"start":{"line":39,"column":14},"end":{"line":41,"column":3}}]},"7":{"type":"branch","line":41,"loc":{"start":{"line":41,"column":2},"end":{"line":51,"column":44}},"locations":[{"start":{"line":41,"column":2},"end":{"line":51,"column":44}}]},"8":{"type":"branch","line":51,"loc":{"start":{"line":51,"column":46},"end":{"line":53,"column":3}},"locations":[{"start":{"line":51,"column":46},"end":{"line":53,"column":3}}]},"9":{"type":"branch","line":53,"loc":{"start":{"line":53,"column":2},"end":{"line":56,"column":1}},"locations":[{"start":{"line":53,"column":2},"end":{"line":56,"column":1}}]},"10":{"type":"branch","line":63,"loc":{"start":{"line":63,"column":7},"end":{"line":85,"column":1}},"locations":[{"start":{"line":63,"column":7},"end":{"line":85,"column":1}}]},"11":{"type":"branch","line":66,"loc":{"start":{"line":66,"column":14},"end":{"line":68,"column":3}},"locations":[{"start":{"line":66,"column":14},"end":{"line":68,"column":3}}]},"12":{"type":"branch","line":68,"loc":{"start":{"line":68,"column":2},"end":{"line":74,"column":19}},"locations":[{"start":{"line":68,"column":2},"end":{"line":74,"column":19}}]},"13":{"type":"branch","line":74,"loc":{"start":{"line":74,"column":19},"end":{"line":76,"column":3}},"locations":[{"start":{"line":74,"column":19},"end":{"line":76,"column":3}}]},"14":{"type":"branch","line":76,"loc":{"start":{"line":76,"column":2},"end":{"line":80,"column":40}},"locations":[{"start":{"line":76,"column":2},"end":{"line":80,"column":40}}]},"15":{"type":"branch","line":80,"loc":{"start":{"line":80,"column":42},"end":{"line":85,"column":1}},"locations":[{"start":{"line":80,"column":42},"end":{"line":85,"column":1}}]},"16":{"type":"branch","line":92,"loc":{"start":{"line":92,"column":7},"end":{"line":119,"column":1}},"locations":[{"start":{"line":92,"column":7},"end":{"line":119,"column":1}}]},"17":{"type":"branch","line":94,"loc":{"start":{"line":94,"column":14},"end":{"line":94,"column":67}},"locations":[{"start":{"line":94,"column":14},"end":{"line":94,"column":67}}]},"18":{"type":"branch","line":94,"loc":{"start":{"line":94,"column":66},"end":{"line":100,"column":17}},"locations":[{"start":{"line":94,"column":66},"end":{"line":100,"column":17}}]},"19":{"type":"branch","line":100,"loc":{"start":{"line":100,"column":17},"end":{"line":100,"column":36}},"locations":[{"start":{"line":100,"column":17},"end":{"line":100,"column":36}}]},"20":{"type":"branch","line":100,"loc":{"start":{"line":100,"column":38},"end":{"line":103,"column":3}},"locations":[{"start":{"line":100,"column":38},"end":{"line":103,"column":3}}]},"21":{"type":"branch","line":103,"loc":{"start":{"line":103,"column":2},"end":{"line":107,"column":18}},"locations":[{"start":{"line":103,"column":2},"end":{"line":107,"column":18}}]},"22":{"type":"branch","line":107,"loc":{"start":{"line":107,"column":18},"end":{"line":110,"column":3}},"locations":[{"start":{"line":107,"column":18},"end":{"line":110,"column":3}}]},"23":{"type":"branch","line":110,"loc":{"start":{"line":110,"column":2},"end":{"line":114,"column":40}},"locations":[{"start":{"line":110,"column":2},"end":{"line":114,"column":40}}]},"24":{"type":"branch","line":114,"loc":{"start":{"line":114,"column":42},"end":{"line":119,"column":1}},"locations":[{"start":{"line":114,"column":42},"end":{"line":119,"column":1}}]},"25":{"type":"branch","line":126,"loc":{"start":{"line":126,"column":7},"end":{"line":158,"column":1}},"locations":[{"start":{"line":126,"column":7},"end":{"line":158,"column":1}}]},"26":{"type":"branch","line":128,"loc":{"start":{"line":128,"column":14},"end":{"line":128,"column":67}},"locations":[{"start":{"line":128,"column":14},"end":{"line":128,"column":67}}]},"27":{"type":"branch","line":128,"loc":{"start":{"line":128,"column":66},"end":{"line":136,"column":17}},"locations":[{"start":{"line":128,"column":66},"end":{"line":136,"column":17}}]},"28":{"type":"branch","line":136,"loc":{"start":{"line":136,"column":17},"end":{"line":136,"column":25}},"locations":[{"start":{"line":136,"column":17},"end":{"line":136,"column":25}}]},"29":{"type":"branch","line":136,"loc":{"start":{"line":136,"column":27},"end":{"line":138,"column":3}},"locations":[{"start":{"line":136,"column":27},"end":{"line":138,"column":3}}]},"30":{"type":"branch","line":138,"loc":{"start":{"line":138,"column":2},"end":{"line":141,"column":18}},"locations":[{"start":{"line":138,"column":2},"end":{"line":141,"column":18}}]},"31":{"type":"branch","line":141,"loc":{"start":{"line":141,"column":18},"end":{"line":144,"column":3}},"locations":[{"start":{"line":141,"column":18},"end":{"line":144,"column":3}}]},"32":{"type":"branch","line":144,"loc":{"start":{"line":144,"column":2},"end":{"line":158,"column":1}},"locations":[{"start":{"line":144,"column":2},"end":{"line":158,"column":1}}]},"33":{"type":"branch","line":166,"loc":{"start":{"line":166,"column":7},"end":{"line":185,"column":1}},"locations":[{"start":{"line":166,"column":7},"end":{"line":185,"column":1}}]},"34":{"type":"branch","line":168,"loc":{"start":{"line":168,"column":14},"end":{"line":168,"column":67}},"locations":[{"start":{"line":168,"column":14},"end":{"line":168,"column":67}}]},"35":{"type":"branch","line":168,"loc":{"start":{"line":168,"column":66},"end":{"line":173,"column":4}},"locations":[{"start":{"line":168,"column":66},"end":{"line":173,"column":4}}]},"36":{"type":"branch","line":173,"loc":{"start":{"line":173,"column":4},"end":{"line":185,"column":1}},"locations":[{"start":{"line":173,"column":4},"end":{"line":185,"column":1}}]}},"b":{"0":[22],"1":[18],"2":[4],"3":[1],"4":[3],"5":[6],"6":[1],"7":[5],"8":[1],"9":[4],"10":[4],"11":[1],"12":[3],"13":[1],"14":[2],"15":[1],"16":[6],"17":[1],"18":[5],"19":[3],"20":[2],"21":[3],"22":[1],"23":[2],"24":[1],"25":[5],"26":[1],"27":[4],"28":[3],"29":[1],"30":[3],"31":[2],"32":[1],"33":[3],"34":[1],"35":[2],"36":[1]},"fnMap":{"0":{"name":"getPersonInfor","decl":{"start":{"line":12,"column":7},"end":{"line":28,"column":1}},"loc":{"start":{"line":12,"column":7},"end":{"line":28,"column":1}},"line":12},"1":{"name":"getworkspaces","decl":{"start":{"line":36,"column":7},"end":{"line":56,"column":1}},"loc":{"start":{"line":36,"column":7},"end":{"line":56,"column":1}},"line":36},"2":{"name":"getchannels","decl":{"start":{"line":63,"column":7},"end":{"line":85,"column":1}},"loc":{"start":{"line":63,"column":7},"end":{"line":85,"column":1}},"line":63},"3":{"name":"getmessages","decl":{"start":{"line":92,"column":7},"end":{"line":119,"column":1}},"loc":{"start":{"line":92,"column":7},"end":{"line":119,"column":1}},"line":92},"4":{"name":"postmessages","decl":{"start":{"line":126,"column":7},"end":{"line":158,"column":1}},"loc":{"start":{"line":126,"column":7},"end":{"line":158,"column":1}},"line":126},"5":{"name":"updateLastLocation","decl":{"start":{"line":166,"column":7},"end":{"line":185,"column":1}},"loc":{"start":{"line":166,"column":7},"end":{"line":185,"column":1}},"line":166}},"f":{"0":22,"1":6,"2":4,"3":6,"4":5,"5":3}}
,"C:\\Users\\JackyFu\\Desktop\\work\\CSE186\\A8\\backend\\test\\db.js": {"path":"C:\\Users\\JackyFu\\Desktop\\work\\CSE186\\A8\\backend\\test\\db.js","all":false,"statementMap":{"0":{"start":{"line":1,"column":0},"end":{"line":1,"column":2}},"1":{"start":{"line":2,"column":0},"end":{"line":2,"column":71}},"2":{"start":{"line":3,"column":0},"end":{"line":3,"column":1}},"3":{"start":{"line":4,"column":0},"end":{"line":4,"column":64}},"4":{"start":{"line":5,"column":0},"end":{"line":5,"column":1}},"5":{"start":{"line":6,"column":0},"end":{"line":6,"column":67}},"6":{"start":{"line":7,"column":0},"end":{"line":7,"column":57}},"7":{"start":{"line":8,"column":0},"end":{"line":8,"column":1}},"8":{"start":{"line":9,"column":0},"end":{"line":9,"column":71}},"9":{"start":{"line":10,"column":0},"end":{"line":10,"column":2}},"10":{"start":{"line":11,"column":0},"end":{"line":11,"column":2}},"11":{"start":{"line":12,"column":0},"end":{"line":12,"column":71}},"12":{"start":{"line":13,"column":0},"end":{"line":13,"column":71}},"13":{"start":{"line":14,"column":0},"end":{"line":14,"column":71}},"14":{"start":{"line":15,"column":0},"end":{"line":15,"column":2}},"16":{"start":{"line":17,"column":0},"end":{"line":17,"column":20}},"17":{"start":{"line":18,"column":0},"end":{"line":18,"column":20}},"18":{"start":{"line":19,"column":0},"end":{"line":19,"column":28}},"20":{"start":{"line":21,"column":0},"end":{"line":21,"column":16}},"21":{"start":{"line":22,"column":0},"end":{"line":22,"column":31}},"23":{"start":{"line":24,"column":0},"end":{"line":24,"column":26}},"24":{"start":{"line":25,"column":0},"end":{"line":25,"column":20}},"25":{"start":{"line":26,"column":0},"end":{"line":26,"column":13}},"26":{"start":{"line":27,"column":0},"end":{"line":27,"column":36}},"27":{"start":{"line":28,"column":0},"end":{"line":28,"column":34}},"28":{"start":{"line":29,"column":0},"end":{"line":29,"column":42}},"29":{"start":{"line":30,"column":0},"end":{"line":30,"column":3}},"31":{"start":{"line":32,"column":0},"end":{"line":32,"column":29}},"32":{"start":{"line":33,"column":0},"end":{"line":33,"column":48}},"33":{"start":{"line":34,"column":0},"end":{"line":34,"column":39}},"34":{"start":{"line":35,"column":0},"end":{"line":35,"column":21}},"35":{"start":{"line":36,"column":0},"end":{"line":36,"column":27}},"36":{"start":{"line":37,"column":0},"end":{"line":37,"column":23}},"37":{"start":{"line":38,"column":0},"end":{"line":38,"column":28}},"38":{"start":{"line":39,"column":0},"end":{"line":39,"column":29}},"39":{"start":{"line":40,"column":0},"end":{"line":40,"column":34}},"40":{"start":{"line":41,"column":0},"end":{"line":41,"column":21}},"41":{"start":{"line":42,"column":0},"end":{"line":42,"column":5}},"42":{"start":{"line":43,"column":0},"end":{"line":43,"column":3}},"43":{"start":{"line":44,"column":0},"end":{"line":44,"column":2}},"45":{"start":{"line":46,"column":0},"end":{"line":46,"column":3}},"46":{"start":{"line":47,"column":0},"end":{"line":47,"column":3}},"47":{"start":{"line":48,"column":0},"end":{"line":48,"column":31}},"48":{"start":{"line":49,"column":0},"end":{"line":49,"column":30}},"49":{"start":{"line":50,"column":0},"end":{"line":50,"column":28}},"50":{"start":{"line":51,"column":0},"end":{"line":51,"column":2}},"52":{"start":{"line":53,"column":0},"end":{"line":53,"column":3}},"53":{"start":{"line":54,"column":0},"end":{"line":54,"column":3}},"54":{"start":{"line":55,"column":0},"end":{"line":55,"column":25}},"55":{"start":{"line":56,"column":0},"end":{"line":56,"column":13}},"56":{"start":{"line":57,"column":0},"end":{"line":57,"column":2}}},"s":{"0":1,"1":1,"2":1,"3":1,"4":1,"5":1,"6":1,"7":1,"8":1,"9":1,"10":1,"11":1,"12":1,"13":1,"14":1,"16":1,"17":1,"18":1,"20":1,"21":1,"23":1,"24":1,"25":1,"26":1,"27":1,"28":1,"29":1,"31":1,"32":2,"33":2,"34":2,"35":2,"36":335,"37":335,"38":335,"39":56,"40":56,"41":56,"42":335,"43":2,"45":1,"46":1,"47":1,"48":1,"49":1,"50":1,"52":1,"53":1,"54":1,"55":1,"56":1},"branchMap":{"0":{"type":"branch","line":32,"loc":{"start":{"line":32,"column":12},"end":{"line":44,"column":2}},"locations":[{"start":{"line":32,"column":12},"end":{"line":44,"column":2}}]},"1":{"type":"branch","line":36,"loc":{"start":{"line":36,"column":26},"end":{"line":43,"column":3}},"locations":[{"start":{"line":36,"column":26},"end":{"line":43,"column":3}}]},"2":{"type":"branch","line":39,"loc":{"start":{"line":39,"column":28},"end":{"line":42,"column":5}},"locations":[{"start":{"line":39,"column":28},"end":{"line":42,"column":5}}]},"3":{"type":"branch","line":48,"loc":{"start":{"line":48,"column":7},"end":{"line":51,"column":2}},"locations":[{"start":{"line":48,"column":7},"end":{"line":51,"column":2}}]},"4":{"type":"branch","line":55,"loc":{"start":{"line":55,"column":7},"end":{"line":57,"column":2}},"locations":[{"start":{"line":55,"column":7},"end":{"line":57,"column":2}}]}},"b":{"0":[2],"1":[335],"2":[56],"3":[1],"4":[1]},"fnMap":{"0":{"name":"run","decl":{"start":{"line":32,"column":12},"end":{"line":44,"column":2}},"loc":{"start":{"line":32,"column":12},"end":{"line":44,"column":2}},"line":32},"1":{"name":"reset","decl":{"start":{"line":48,"column":7},"end":{"line":51,"column":2}},"loc":{"start":{"line":48,"column":7},"end":{"line":51,"column":2}},"line":48},"2":{"name":"close","decl":{"start":{"line":55,"column":7},"end":{"line":57,"column":2}},"loc":{"start":{"line":55,"column":7},"end":{"line":57,"column":2}},"line":55}},"f":{"0":2,"1":1,"2":1}}
}
